Command line invocation:
    /Applications/Xcode.app/Contents/Developer/usr/bin/xcodebuild build -scheme financeplan -destination "platform=iOS Simulator,id=C1E4557B-6B1B-4AE5-8F92-0519BDCCB02D"

Resolve Package Graph


Resolved source packages:
  Alamofire: https://github.com/Alamofire/Alamofire.git @ 5.11.2
  PLCrashReporter: https://github.com/microsoft/plcrashreporter.git @ 1.12.2
  Amplitude: https://github.com/amplitude/Amplitude-iOS.git @ 8.22.2
  AmplitudeUnified: https://github.com/amplitude/AmplitudeUnified-Swift @ main (c91bca6)
  Factory: https://github.com/hmlongco/Factory @ 2.5.3
  AnyAPI: https://github.com/jpmcglone/AnyAPI @ 1.2.0
  BetterCodable: https://github.com/marksands/BetterCodable @ 0.4.0
  swift-markdown-ui: https://github.com/gonzalezreal/MarkdownUI @ main (8371aeb)
  Drops: https://github.com/omaralbeik/Drops.git @ 1.7.0
  StockPlanShared: https://github.com/FinancePlanner/FinanceShared.git @ 0.9.45
  Amplitude-Swift: https://github.com/amplitude/Amplitude-Swift.git @ 1.18.1
  cmark-gfm: https://github.com/swiftlang/swift-cmark @ 0.7.1
  analytics-connector-ios: https://github.com/amplitude/analytics-connector-ios.git @ 1.3.1
  Segment: https://github.com/segmentio/analytics-swift @ 1.9.3
  AmplitudeCore: https://github.com/amplitude/AmplitudeCore-Swift.git @ 1.4.5
  SwiftLintPlugins: https://github.com/SimplyDanny/SwiftLintPlugins @ 0.63.2
  NetworkImage: https://github.com/gonzalezreal/NetworkImage @ 6.0.1
  Sentry: https://github.com/getsentry/sentry-cocoa.git @ 9.11.0
  SwiftyCrop: https://github.com/benedom/SwiftyCrop @ 2.2.0
  AmplitudeSessionReplay: https://github.com/amplitude/AmplitudeSessionReplay-iOS.git @ 0.10.0
  Lottie: https://github.com/airbnb/lottie-ios @ 4.6.0
  Kingfisher: https://github.com/onevcat/Kingfisher.git @ 8.8.1
  JSONSafeEncoding: https://github.com/segmentio/jsonsafeencoding-swift.git @ 2.0.0
  Sovran: https://github.com/segmentio/sovran-swift.git @ 1.1.2
  EntityStore: https://github.com/jpmcglone/EntityStore @ 0.9.18
  experiment-ios-client: https://github.com/amplitude/experiment-ios-client.git @ 1.19.0
  PostHog: https://github.com/PostHog/posthog-ios @ 3.57.0
  RevenueCat: https://github.com/RevenueCat/purchases-ios-spm.git @ 5.69.0

ComputePackagePrebuildTargetDependencyGraph

Prepare packages

CreateBuildRequest

SendProjectDescription

CreateBuildOperation

ComputeTargetDependencyGraph
note: Building targets in dependency order
note: Target dependency graph (63 targets)
    Target 'financeplan' in project 'financeplan'
        ➜ Explicit dependency on target 'AmplitudeUnified' in project 'AmplitudeUnified'
        ➜ Explicit dependency on target 'Alamofire' in project 'Alamofire'
        ➜ Explicit dependency on target 'AnyAPI' in project 'AnyAPI'
        ➜ Explicit dependency on target 'BetterCodable' in project 'BetterCodable'
        ➜ Explicit dependency on target 'Drops' in project 'Drops'
        ➜ Explicit dependency on target 'Factory' in project 'Factory'
        ➜ Explicit dependency on target 'Kingfisher' in project 'Kingfisher'
        ➜ Explicit dependency on target 'Lottie' in project 'Lottie'
        ➜ Explicit dependency on target 'MarkdownUI' in project 'swift-markdown-ui'
        ➜ Explicit dependency on target 'Sentry' in project 'Sentry'
        ➜ Explicit dependency on target 'SwiftyCrop' in project 'SwiftyCrop'
        ➜ Explicit dependency on target 'EntityStore' in project 'EntityStore'
        ➜ Explicit dependency on target 'RevenueCat' in project 'RevenueCat'
        ➜ Explicit dependency on target 'RevenueCatUI' in project 'RevenueCat'
        ➜ Explicit dependency on target 'StockPlanShared' in project 'StockPlanShared'
        ➜ Explicit dependency on target 'PostHog' in project 'PostHog'
    Target 'PostHog' in project 'PostHog'
        ➜ Explicit dependency on target 'PostHog' in project 'PostHog'
        ➜ Explicit dependency on target 'PostHog_PostHog' in project 'PostHog'
        ➜ Explicit dependency on target 'phlibwebp' in project 'PostHog'
        ➜ Explicit dependency on target 'CrashReporter' in project 'PLCrashReporter'
    Target 'PostHog' in project 'PostHog'
        ➜ Explicit dependency on target 'PostHog_PostHog' in project 'PostHog'
        ➜ Explicit dependency on target 'phlibwebp' in project 'PostHog'
        ➜ Explicit dependency on target 'CrashReporter' in project 'PLCrashReporter'
    Target 'CrashReporter' in project 'PLCrashReporter'
        ➜ Explicit dependency on target 'CrashReporter' in project 'PLCrashReporter'
        ➜ Explicit dependency on target 'PLCrashReporter_CrashReporter' in project 'PLCrashReporter'
    Target 'CrashReporter' in project 'PLCrashReporter'
        ➜ Explicit dependency on target 'PLCrashReporter_CrashReporter' in project 'PLCrashReporter'
    Target 'PLCrashReporter_CrashReporter' in project 'PLCrashReporter' (no dependencies)
    Target 'phlibwebp' in project 'PostHog' (no dependencies)
    Target 'PostHog_PostHog' in project 'PostHog' (no dependencies)
    Target 'StockPlanShared' in project 'StockPlanShared'
        ➜ Explicit dependency on target 'StockPlanShared' in project 'StockPlanShared'
    Target 'StockPlanShared' in project 'StockPlanShared' (no dependencies)
    Target 'RevenueCatUI' in project 'RevenueCat'
        ➜ Explicit dependency on target 'RevenueCatUI' in project 'RevenueCat'
        ➜ Explicit dependency on target 'RevenueCat_RevenueCatUI' in project 'RevenueCat'
        ➜ Explicit dependency on target 'RevenueCat' in project 'RevenueCat'
    Target 'RevenueCatUI' in project 'RevenueCat'
        ➜ Explicit dependency on target 'RevenueCat_RevenueCatUI' in project 'RevenueCat'
        ➜ Explicit dependency on target 'RevenueCat' in project 'RevenueCat'
    Target 'RevenueCat_RevenueCatUI' in project 'RevenueCat' (no dependencies)
    Target 'RevenueCat' in project 'RevenueCat'
        ➜ Explicit dependency on target 'RevenueCat' in project 'RevenueCat'
        ➜ Explicit dependency on target 'RevenueCat_RevenueCat' in project 'RevenueCat'
    Target 'RevenueCat' in project 'RevenueCat'
        ➜ Explicit dependency on target 'RevenueCat_RevenueCat' in project 'RevenueCat'
    Target 'RevenueCat_RevenueCat' in project 'RevenueCat' (no dependencies)
    Target 'EntityStore' in project 'EntityStore'
        ➜ Explicit dependency on target 'EntityStore' in project 'EntityStore'
    Target 'EntityStore' in project 'EntityStore' (no dependencies)
    Target 'SwiftyCrop' in project 'SwiftyCrop'
        ➜ Explicit dependency on target 'SwiftyCrop' in project 'SwiftyCrop'
        ➜ Explicit dependency on target 'SwiftyCrop_SwiftyCrop' in project 'SwiftyCrop'
    Target 'SwiftyCrop' in project 'SwiftyCrop'
        ➜ Explicit dependency on target 'SwiftyCrop_SwiftyCrop' in project 'SwiftyCrop'
    Target 'SwiftyCrop_SwiftyCrop' in project 'SwiftyCrop' (no dependencies)
    Target 'Sentry' in project 'Sentry'
        ➜ Explicit dependency on target 'SentryCppHelper' in project 'Sentry'
    Target 'SentryCppHelper' in project 'Sentry' (no dependencies)
    Target 'MarkdownUI' in project 'swift-markdown-ui'
        ➜ Explicit dependency on target 'MarkdownUI' in project 'swift-markdown-ui'
        ➜ Explicit dependency on target 'cmark-gfm' in project 'cmark-gfm'
        ➜ Explicit dependency on target 'cmark-gfm-extensions' in project 'cmark-gfm'
        ➜ Explicit dependency on target 'NetworkImage' in project 'NetworkImage'
    Target 'MarkdownUI' in project 'swift-markdown-ui'
        ➜ Explicit dependency on target 'cmark-gfm' in project 'cmark-gfm'
        ➜ Explicit dependency on target 'cmark-gfm-extensions' in project 'cmark-gfm'
        ➜ Explicit dependency on target 'NetworkImage' in project 'NetworkImage'
    Target 'NetworkImage' in project 'NetworkImage'
        ➜ Explicit dependency on target 'NetworkImage' in project 'NetworkImage'
    Target 'NetworkImage' in project 'NetworkImage' (no dependencies)
    Target 'cmark-gfm-extensions' in project 'cmark-gfm'
        ➜ Explicit dependency on target 'cmark-gfm-extensions' in project 'cmark-gfm'
        ➜ Explicit dependency on target 'cmark-gfm' in project 'cmark-gfm'
    Target 'cmark-gfm-extensions' in project 'cmark-gfm'
        ➜ Explicit dependency on target 'cmark-gfm' in project 'cmark-gfm'
    Target 'cmark-gfm' in project 'cmark-gfm'
        ➜ Explicit dependency on target 'cmark-gfm' in project 'cmark-gfm'
    Target 'cmark-gfm' in project 'cmark-gfm' (no dependencies)
    Target 'Lottie' in project 'Lottie'
        ➜ Explicit dependency on target 'Lottie' in project 'Lottie'
        ➜ Explicit dependency on target 'Lottie_Lottie' in project 'Lottie'
    Target 'Lottie' in project 'Lottie'
        ➜ Explicit dependency on target 'Lottie_Lottie' in project 'Lottie'
    Target 'Lottie_Lottie' in project 'Lottie' (no dependencies)
    Target 'Kingfisher' in project 'Kingfisher'
        ➜ Explicit dependency on target 'Kingfisher' in project 'Kingfisher'
        ➜ Explicit dependency on target 'Kingfisher_Kingfisher' in project 'Kingfisher'
    Target 'Kingfisher' in project 'Kingfisher'
        ➜ Explicit dependency on target 'Kingfisher_Kingfisher' in project 'Kingfisher'
    Target 'Kingfisher_Kingfisher' in project 'Kingfisher' (no dependencies)
    Target 'Factory' in project 'Factory'
        ➜ Explicit dependency on target 'Factory' in project 'Factory'
        ➜ Explicit dependency on target 'Factory_Factory' in project 'Factory'
    Target 'Factory' in project 'Factory'
        ➜ Explicit dependency on target 'Factory_Factory' in project 'Factory'
    Target 'Factory_Factory' in project 'Factory' (no dependencies)
    Target 'Drops' in project 'Drops'
        ➜ Explicit dependency on target 'Drops' in project 'Drops'
    Target 'Drops' in project 'Drops' (no dependencies)
    Target 'BetterCodable' in project 'BetterCodable'
        ➜ Explicit dependency on target 'BetterCodable' in project 'BetterCodable'
    Target 'BetterCodable' in project 'BetterCodable' (no dependencies)
    Target 'AnyAPI' in project 'AnyAPI'
        ➜ Explicit dependency on target 'AnyAPI' in project 'AnyAPI'
        ➜ Explicit dependency on target 'Alamofire' in project 'Alamofire'
    Target 'AnyAPI' in project 'AnyAPI'
        ➜ Explicit dependency on target 'Alamofire' in project 'Alamofire'
    Target 'Alamofire' in project 'Alamofire'
        ➜ Explicit dependency on target 'Alamofire' in project 'Alamofire'
        ➜ Explicit dependency on target 'Alamofire_Alamofire' in project 'Alamofire'
    Target 'Alamofire' in project 'Alamofire'
        ➜ Explicit dependency on target 'Alamofire_Alamofire' in project 'Alamofire'
    Target 'Alamofire_Alamofire' in project 'Alamofire' (no dependencies)
    Target 'AmplitudeUnified' in project 'AmplitudeUnified'
        ➜ Explicit dependency on target 'AmplitudeUnified' in project 'AmplitudeUnified'
        ➜ Explicit dependency on target 'AmplitudeUnified_AmplitudeUnified' in project 'AmplitudeUnified'
        ➜ Explicit dependency on target 'AmplitudeSwift' in project 'Amplitude-Swift'
        ➜ Explicit dependency on target 'AmplitudeSessionReplay' in project 'AmplitudeSessionReplay'
        ➜ Explicit dependency on target 'Experiment' in project 'experiment-ios-client'
    Target 'AmplitudeUnified' in project 'AmplitudeUnified'
        ➜ Explicit dependency on target 'AmplitudeUnified_AmplitudeUnified' in project 'AmplitudeUnified'
        ➜ Explicit dependency on target 'AmplitudeSwift' in project 'Amplitude-Swift'
        ➜ Explicit dependency on target 'AmplitudeSessionReplay' in project 'AmplitudeSessionReplay'
        ➜ Explicit dependency on target 'Experiment' in project 'experiment-ios-client'
    Target 'Experiment' in project 'experiment-ios-client'
        ➜ Explicit dependency on target 'Experiment' in project 'experiment-ios-client'
        ➜ Explicit dependency on target 'experiment-ios-client_Experiment' in project 'experiment-ios-client'
        ➜ Explicit dependency on target 'AnalyticsConnector' in project 'analytics-connector-ios'
        ➜ Explicit dependency on target 'AmplitudeCoreFramework' in project 'AmplitudeCore'
    Target 'Experiment' in project 'experiment-ios-client'
        ➜ Explicit dependency on target 'experiment-ios-client_Experiment' in project 'experiment-ios-client'
        ➜ Explicit dependency on target 'AnalyticsConnector' in project 'analytics-connector-ios'
        ➜ Explicit dependency on target 'AmplitudeCoreFramework' in project 'AmplitudeCore'
    Target 'experiment-ios-client_Experiment' in project 'experiment-ios-client' (no dependencies)
    Target 'AmplitudeSessionReplay' in project 'AmplitudeSessionReplay'
        ➜ Explicit dependency on target 'AmplitudeSessionReplayWrapper' in project 'AmplitudeSessionReplay'
        ➜ Explicit dependency on target 'AmplitudeCoreFramework' in project 'AmplitudeCore'
    Target 'AmplitudeSessionReplayWrapper' in project 'AmplitudeSessionReplay'
        ➜ Explicit dependency on target 'AmplitudeCoreFramework' in project 'AmplitudeCore'
    Target 'AmplitudeSwift' in project 'Amplitude-Swift'
        ➜ Explicit dependency on target 'AmplitudeSwift' in project 'Amplitude-Swift'
        ➜ Explicit dependency on target 'Amplitude-Swift_AmplitudeSwift' in project 'Amplitude-Swift'
        ➜ Explicit dependency on target 'AmplitudeCoreFramework' in project 'AmplitudeCore'
        ➜ Explicit dependency on target 'AnalyticsConnector' in project 'analytics-connector-ios'
    Target 'AmplitudeSwift' in project 'Amplitude-Swift'
        ➜ Explicit dependency on target 'Amplitude-Swift_AmplitudeSwift' in project 'Amplitude-Swift'
        ➜ Explicit dependency on target 'AmplitudeCoreFramework' in project 'AmplitudeCore'
        ➜ Explicit dependency on target 'AnalyticsConnector' in project 'analytics-connector-ios'
    Target 'AnalyticsConnector' in project 'analytics-connector-ios'
        ➜ Explicit dependency on target 'AnalyticsConnector' in project 'analytics-connector-ios'
    Target 'AnalyticsConnector' in project 'analytics-connector-ios' (no dependencies)
    Target 'AmplitudeCoreFramework' in project 'AmplitudeCore' (no dependencies)
    Target 'Amplitude-Swift_AmplitudeSwift' in project 'Amplitude-Swift' (no dependencies)
    Target 'AmplitudeUnified_AmplitudeUnified' in project 'AmplitudeUnified' (no dependencies)

GatherProvisioningInputs

CreateBuildDescription

ExecuteExternalTool /Applications/Xcode.app/Contents/Developer/Toolchains/XcodeDefault.xctoolchain/usr/bin/swiftc --version

ExecuteExternalTool /Applications/Xcode.app/Contents/Developer/Toolchains/XcodeDefault.xctoolchain/usr/bin/clang -v -E -dM -arch arm64 -isysroot /Applications/Xcode.app/Contents/Developer/Platforms/iPhoneSimulator.platform/Developer/SDKs/iPhoneSimulator26.4.sdk -x c -c /dev/null

ExecuteExternalTool /Applications/Xcode.app/Contents/Developer/usr/bin/xcstringstool compile --dry-run --output-directory /Users/fernando_idwell/Library/Developer/Xcode/DerivedData/financeplan-hdtrlwieigccumdszgmzfoiqxpvh/Build/Intermediates.noindex/SwiftyCrop.build/Debug-iphonesimulator/SwiftyCrop_SwiftyCrop.build /Users/fernando_idwell/Library/Developer/Xcode/DerivedData/financeplan-hdtrlwieigccumdszgmzfoiqxpvh/SourcePackages/checkouts/SwiftyCrop/Sources/SwiftyCrop/Resources/Localizable.xcstrings

ExecuteExternalTool /Applications/Xcode.app/Contents/Developer/usr/bin/actool --version --output-format xml1

ExecuteExternalTool /Applications/Xcode.app/Contents/Developer/Toolchains/XcodeDefault.xctoolchain/usr/bin/clang -v -E -dM -isysroot /Applications/Xcode.app/Contents/Developer/Platforms/iPhoneSimulator.platform/Developer/SDKs/iPhoneSimulator26.4.sdk -x c -c /dev/null

ExecuteExternalTool /Applications/Xcode.app/Contents/Developer/Toolchains/XcodeDefault.xctoolchain/usr/bin/clang -v -E -dM -arch arm64 -isysroot /Applications/Xcode.app/Contents/Developer/Platforms/iPhoneSimulator.platform/Developer/SDKs/iPhoneSimulator26.4.sdk -x objective-c -c /dev/null

ExecuteExternalTool /Applications/Xcode.app/Contents/Developer/usr/bin/actool --print-asset-tag-combinations --output-format xml1 /Users/fernando_idwell/Projects/StockProject/StockPlanIOSApp/financeplan/financeplan/Assets.xcassets

ExecuteExternalTool /Applications/Xcode.app/Contents/Developer/usr/bin/xcstringstool compile --dry-run --output-directory /Users/fernando_idwell/Library/Developer/Xcode/DerivedData/financeplan-hdtrlwieigccumdszgmzfoiqxpvh/Build/Intermediates.noindex/financeplan.build/Debug-iphonesimulator/financeplan.build /Users/fernando_idwell/Projects/StockProject/StockPlanIOSApp/financeplan/financeplan/Localizable.xcstrings

ExecuteExternalTool /Applications/Xcode.app/Contents/Developer/Toolchains/XcodeDefault.xctoolchain/usr/bin/clang -v -E -dM -arch arm64 -isysroot /Applications/Xcode.app/Contents/Developer/Platforms/iPhoneSimulator.platform/Developer/SDKs/iPhoneSimulator26.4.sdk -x c++ -c /dev/null

ExecuteExternalTool /Applications/Xcode.app/Contents/Developer/Toolchains/XcodeDefault.xctoolchain/usr/bin/ld -version_details

ExecuteExternalTool /Applications/Xcode.app/Contents/Developer/Toolchains/XcodeDefault.xctoolchain/usr/bin/clang -v -E -dM -arch arm64 -isysroot /Applications/Xcode.app/Contents/Developer/Platforms/iPhoneSimulator.platform/Developer/SDKs/iPhoneSimulator26.4.sdk -x objective-c++ -c /dev/null

ReadFileContents /Applications/Xcode.app/Contents/Developer/Toolchains/XcodeDefault.xctoolchain/usr/share/docc/features.json

ExecuteExternalTool /Applications/Xcode.app/Contents/Developer/Toolchains/XcodeDefault.xctoolchain/usr/bin/clang -v -E -dM -arch arm64 -isysroot /Applications/Xcode.app/Contents/Developer/Platforms/iPhoneSimulator.platform/Developer/SDKs/iPhoneSimulator26.4.sdk -x assembler-with-cpp -c /dev/null

Build description signature: 67d5cb65d0f7485ec9c3698c661515df
Build description path: /Users/fernando_idwell/Library/Developer/Xcode/DerivedData/financeplan-hdtrlwieigccumdszgmzfoiqxpvh/Build/Intermediates.noindex/XCBuildData/67d5cb65d0f7485ec9c3698c661515df.xcbuilddata
error: unable to attach DB: error: accessing build database "/Users/fernando_idwell/Library/Developer/Xcode/DerivedData/financeplan-hdtrlwieigccumdszgmzfoiqxpvh/Build/Intermediates.noindex/XCBuildData/build.db": database is locked Possibly there are two concurrent builds running in the same filesystem location.
